2018-04-20 00:25:37,337 - INFO - 欢迎你 今朝有酒今朝醉---的微博, 登陆成功
2018-04-20 01:00:02,886 - INFO - 微博：或许人和人之间的缘分，都是注定的。  ---仙剑奇侠传四
2018-04-20 02:00:03,543 - INFO - 微博：可是就算我们通一千次短信，我们各自的心，大概也只会相互靠近一厘米吧。  ---秒速5厘米
2018-04-20 03:00:02,442 - INFO - 微博：衣带渐宽终不悔,为伊消得人憔悴.  ---蝶恋花
2018-04-20 04:00:02,132 - INFO - 微博：飞，都是从堕落开始的。  ---冰与火之歌
2018-04-20 05:00:02,898 - INFO - 微博：充满着无尽的能量与自信，向着未来出发  ---涓尘
2018-04-20 06:00:02,917 - INFO - 微博：正因为生命有限，所以才显得重要，正因为生命有限，所以才更应该努力不懈！  ---名侦探柯南
2018-04-20 07:00:02,748 - INFO - 微博：桐乃非常非常不愿意你有女朋友，但是你还愿意和我复合吗。开...开玩笑的，你不要回答我不然我真的会死"  ---五更琉璃
2018-04-20 08:00:03,489 - INFO - 微博：Write the code, Change the world.  ---Apple
2018-04-20 09:00:03,385 - INFO - 微博：控兄是我的个性的同时，也是勋章！  ---就算是哥只要有爱就没问题吧
2018-04-20 10:00:02,815 - INFO - 微博：温柔解救不了这个世界  ---罪恶王冠
2018-04-20 11:00:02,993 - INFO - 微博：你是笨蛋吗？  ---小桐桐（きりりん）
2018-04-20 13:00:02,879 - INFO - 微博：我不渴望什么在别的城市迎来的春天，只要和你在一起的春天就好，只要和你在一起就好…  ---CLANNAD
2018-04-20 14:00:03,589 - INFO - 微博：合抱之木，生于毫末；九层之台，起于累土；千里之行，始于足下。  ---老子
2018-04-20 15:00:03,093 - INFO - 微博：电脑高手,哈哈哈哈哈,你这嘴里蹦的都是几几年的形容词啊  ---三色绘恋
2018-04-20 16:00:02,476 - INFO - 微博：If you can't win the game, change the rules.  ---Leann
2018-04-20 17:00:03,018 - INFO - 微博：生活的洪流欲让人们窒息，我们却在缺氧的环境中肆意成长。  ---网络
2018-04-20 18:00:02,795 - INFO - 微博：如果有来生，要做一棵树，站成永恒，没有悲欢的姿势。一半在土里安详，一半在风里飞扬，一半洒落阴凉，一半沐浴阳光，非常沉默非常骄傲，从不依靠 从不寻找。  ---说给自己听
2018-04-20 19:00:06,592 - INFO - 微博：我们擦身而过，是为了相识或者遗忘。  ---网络
2018-04-20 20:00:03,251 - INFO - 微博：喜欢喜欢轻飘飘喜欢喜欢轻飘飘让我们一起来！  ---Printemps
2018-04-20 21:00:02,237 - INFO - 微博：温柔正确的人总是难以生存，因为这世界既不温柔，也不正确  ---我的青春恋爱物语果然有问题
2018-04-20 22:00:02,330 - INFO - 微博：你再怎么称赞我，我也不会高兴的，你这个混蛋~  ---海贼王
2018-04-20 23:00:02,894 - INFO - 微博：将所有人类当成玩偶的神,本身居然也是个小丑啊。  ---Fate/Zero
2018-04-21 00:00:03,288 - INFO - 微博：时间是伟大的作家，总会写下完美的结局。  ---秋之回忆
2018-04-21 01:00:02,077 - INFO - 微博：一般来说，时间会把悲伤冲淡，可是在人的生命中，会有那么一两个特殊的存在，他们的逝去，你永远也不会习惯。  ---冥王神话
2018-04-21 02:00:02,015 - INFO - 微博：那些青春期的脆弱自尊，轻易不得触碰，那极有有可能成为对他或她一生的打扰。我们都曾经历那样纯粹、易碎的青春，只是时光的磨砺已让我们懂得逃避与忍气吞声然后慢慢遗忘自己曾经的青春。  ---原创
2018-04-21 03:00:01,644 - INFO - 微博：其实本来就没有什么大彻大悟，不过是找到一个够麻痹自己一生的理由。  ---原创
2018-04-21 04:00:02,307 - INFO - 微博：失礼、噛みました  ---化物语
2018-04-21 05:00:01,914 - INFO - 微博：猫是可爱的，狼是很帅的。就是说，孤独又可爱又帅。  ---我的青春恋爱物语果然有问题
2018-04-21 06:00:02,689 - INFO - 微博：Write the code, Change the world.  ---Apple
2018-04-21 07:00:02,293 - INFO - 微博：在弱者眼里可能是这样，不过，我的确很强。  ---蔷薇少女
2018-04-21 08:00:01,868 - INFO - 微博：恋ではなく、爱でもなく、もっとずっと 深く重い。  ---sweet   pool
2018-04-21 09:00:02,469 - INFO - 微博：不论是过去还是未来，我都会保护你！  ---旋风管家
2018-04-21 10:00:02,126 - INFO - 微博：不忘初心，方得始终。  ---网络
2018-04-21 11:00:01,824 - INFO - 微博：今宵之月，绝不西沉。只此美梦，不再苏醒。从今往后，生生世世，长相厮守，为你立誓。  ---银魂
2018-04-21 12:00:02,557 - INFO - 微博：我喜欢你们！超喜欢的！大家和我交往吧！绝对会让你们幸福的！  ---学生会的一己之见
2018-04-21 12:57:40,957 - INFO - 欢迎你 今朝有酒今朝醉---的微博, 登陆成功
2018-04-21 13:08:59,290 - INFO - 欢迎你 今朝有酒今朝醉---的微博, 登陆成功
2018-04-21 13:09:01,772 - INFO - 微博：进程重启，发送测试验证
2018-04-21 13:24:46,228 - INFO - 欢迎你 今朝有酒今朝醉---的微博, 登陆成功
2018-04-21 13:24:48,641 - INFO - 微博：进程重启，发送测试验证
2018-04-21 14:00:02,432 - INFO - 微博：如果你的眉眼，肯为我停留半分，又怎会不知我情比海深。  ---原创
2018-04-21 14:46:13,958 - INFO - 欢迎你 今朝有酒今朝醉---的微博, 登陆成功
2018-04-21 14:47:05,200 - INFO - 欢迎你 今朝有酒今朝醉---的微博, 登陆成功
2018-04-21 14:47:07,447 - INFO - 微博：进程重启，发送测试验证
2018-04-21 15:00:02,910 - INFO - 微博：最有名的莫过于想死一次吗。  ---阎魔爱
2018-04-21 17:00:01,913 - INFO - 微博：人的欲望永无止境，就像我一开始，也只是想知道你的名字。  ---网络
2018-04-21 19:00:02,340 - INFO - 微博：一直向别人撒娇是不允许的 即使想从雨中获得慰藉也不可以 因为 这个国家 很少下雨  ---死后文
2018-04-21 20:00:02,497 - INFO - 微博：如果你愿意的话，让我带您去吧，这座小镇，愿望实现的地方…  ---CLANNAD
2018-04-21 21:00:02,577 - INFO - 微博：挡着在我们面前的是巨大庞然的人生，阻隔在我们中间的是广阔无际的时间，对于他们，我们无能为力…  ---秒速五厘米
2018-04-21 22:00:02,706 - INFO - 微博：想要试着去相互接近，但最后还是无法敞开心扉，结果就是擦肩而过⋯⋯  ---文学少女
2018-04-21 23:00:02,587 - INFO - 微博：我知道这个世上有人在等我，尽管我不知道我在等谁。当因为这样，我每天都很快乐。  ---返老还童
2018-04-22 00:00:04,021 - INFO - 微博：雨，何时停？  ---秋之回忆
2018-04-22 01:00:02,329 - INFO - 微博：即使想放弃，也没法放弃最想要的东西，这就是人  ---悠久之翼
2018-04-22 02:00:02,272 - INFO - 微博：我会跟她结婚，并不是因为她是计算机，而是因为她就是她。同样的，我会喜欢你，也是因为你就是你。  ---人型电脑天使心
2018-04-22 03:00:03,672 - INFO - 微博：那天她夸我很会笑,那十秒灵魂大概已卖掉.  ---Nice · 南先生
2018-04-22 04:00:02,544 - INFO - 微博：愿留在Minecraft，也不愿回到现实。  ---Lipww1234
2018-04-22 05:00:02,440 - INFO - 微博：我很好奇！  ---冰菓
2018-04-22 06:00:02,719 - INFO - 微博：充满着无尽的能量与自信，向着未来出发  ---涓尘
2018-04-22 07:00:02,823 - INFO - 微博：照我思索，可理解我，照我思索，可以得人。  ---沈从文墓志铭
2018-04-22 08:00:02,775 - INFO - 微博：哭也不会改变什么，这个世界从来不会对任何人温柔。  ---黑执事
2018-04-22 09:00:02,796 - INFO - 微博：不会停的雨的确存在，但是撑起伞来就行了，接下来抬起头前进，这样一来，偶尔会出现下着太阳雨的日子，经过阳光的反射闪闪发亮的雨滴，一定非常美丽。  ---秋之回忆Memories Off
2018-04-22 10:00:02,993 - INFO - 微博：整个社会对我都很苛刻。所以至少让我自己宽容一下我自己吧。如果大家都对自己更宽容一点的话。大家都变成废柴就没有废柴了。  ---果然我的青春恋爱喜剧搞错了
2018-04-22 12:00:01,999 - INFO - 微博：枯燥的太阳因你而变的温暖，脆弱的心灵因你而变的坚强。  ---原创
2018-04-22 13:00:02,462 - INFO - 微博：会长和往常一样挺着小小的胸部一副自以为了不起的样子套用某本书的内容说道…  ---学生会的一己之见
2018-04-22 14:00:03,280 - INFO - 微博：人生最糟糕的事，一个是饿肚子，一个是孤独。  ---夏日大作战
2018-04-22 15:00:02,048 - INFO - 微博：你会梦游，我会磨牙，我们晚上一起去吓人吧！  ---一萍敌敌畏
2018-04-22 15:41:34,211 - INFO - 欢迎你 今朝有酒今朝醉---的微博, 登陆成功
2018-04-22 15:41:36,505 - INFO - 微博：进程重启，发送测试验证
************阳光灼热，数不尽夏日繁华；蝉鸣幽幽，道不完苦辣酸甜。  ---危险同居人
2018-04-22 16:00:01,785 - INFO - 微博：下辈子变成你喜欢的人，然后不喜欢你！  ---网络
2018-04-22 17:00:02,534 - INFO - 微博：叛徒？事实上，我才是被背叛的人！  ---伊利丹.怒风
2018-04-22 18:00:02,564 - INFO - 微博：居安思危，思则有备，有备无患。  ---左传
2018-04-22 19:00:02,770 - INFO - 微博：我如朝露降人间，和风樱花随春谢。四十九年一朝梦，一期荣华一杯酒。  ---上杉谦信
2018-04-22 20:00:02,440 - INFO - 微博：我并不羡慕别人的人生，这就是所谓幸福。  ---幸运星
2018-04-22 21:00:03,336 - INFO - 微博：屠龙宝刀，点击就送。  ---网络
2018-04-22 22:00:02,333 - INFO - 微博：能诚实地承认穷，诚恳地表达对于钱的兴趣，就是穷者的尊严。  ---无出路咖啡馆
2018-04-22 23:00:02,331 - INFO - 微博：错误可不是为了别人才改的过来的，要为了自己才能改正。  ---XXXHolic
2018-04-22 23:00:05,096 - INFO - 微博：无限接近于零，却又不等于零的可能性。  ---游戏人生
2018-04-22 23:15:29,432 - INFO - 欢迎你 今朝有酒今朝醉---的微博, 登陆成功
2018-04-22 23:15:31,527 - INFO - 微博：进程重启，发送测试验证
************我曾经失落失望失掉所有方向，直到看见平凡才是唯一的答案。  ---平凡之路
2018-04-23 00:00:01,938 - INFO - 微博：如果你愿意的话，让我带您去吧，这座小镇，愿望实现的地方…  ---CLANNAD
2018-04-23 02:00:01,782 - INFO - 微博：古之立大事者，不惟有超世之才，亦必有坚忍不拔之志。  ---晁错论
2018-04-23 03:00:02,356 - INFO - 微博：其实我对混合咖啡还是很有自信的  ---珈百璃的堕落
2018-04-23 04:00:02,040 - INFO - 微博：龙儿是我的！谁都不准碰！  ---逢坂大河
2018-04-23 05:00:01,613 - INFO - 微博：彼此相互推卸不幸是没有结果的。  ---凋零
2018-04-23 06:00:02,393 - INFO - 微博：如果我们能活着出去，千山万水，你愿意陪我一起看吗？  ---狐妖小红娘
2018-04-23 07:00:02,026 - INFO - 微博：孤独的人不会伤害别人，只会不断地伤害自己罢了。  ---我的青春恋爱物语果然有问题
2018-04-23 08:00:01,612 - INFO - 微博：我有在反省，但我不后悔。  ---物语系列
2018-04-23 08:00:02,543 - INFO - 微博：世间所有的相遇，都是久别重逢。  ---一代宗师
2018-04-23 08:00:02,728 - INFO - 微博：“你没车没房没卡,拿什么和我谈恋爱？”“......我有高达......”  ---gundam
2018-04-23 09:00:02,690 - INFO - 微博：人与人之间情断义绝，并不需要什么具体理由，就算表面上有，也很可能只是心已经离开的结果，事后才编造出的借口而已。  ---解忧杂货铺
2018-04-23 10:00:02,267 - INFO - 微博：我只希望，我喜欢的人可以健康的活着。  ---人渣的本愿
2018-04-23 11:00:02,148 - INFO - 微博：愿我等之誓言，超越姓名与身份而永存。  ---风姿物语
2018-04-23 12:00:01,936 - INFO - 微博：在灾难面前，如果连英雄都逃跑了，那还有谁能站出来？  ---一拳超人
2018-04-23 14:00:01,654 - INFO - 微博：窃人者，自失其宝。  ---假面骑士kabuto
2018-04-23 15:00:03,559 - INFO - 微博：真正让我难受的，大概是因为让你看到如此狼狈的自己。  ---元气少女缘结神
2018-04-23 16:00:02,254 - INFO - 微博：腾蛟起凤，孟学士之词宗；紫电青霜，王将军之武库。  ---滕王阁序
2018-04-23 17:00:01,831 - INFO - 微博：凡人皆有一死，凡人皆需供奉。  ---冰与火之歌
2018-04-23 18:00:02,457 - INFO - 微博：我很好奇！  ---冰菓
2018-04-23 19:00:02,235 - INFO - 微博：不要伤害自己，别人总会这样做。  ---天国王朝
2018-04-23 20:00:01,985 - INFO - 微博：我在未来等你。  ---穿越时空的少女
2018-04-23 22:00:02,058 - INFO - 微博：因为喜欢你，所以想继续相信下去。  ---空之境界
2018-04-23 23:00:01,861 - INFO - 微博：笨蛋、笨蛋！  ---星野琉璃
2018-04-23 23:00:02,335 - INFO - 微博：我不管这个世上的人怎么说我，我只想依照我的信念做事，绝不后悔，不管现在将来都一样。  ---火影忍者
2018-04-24 00:00:02,830 - INFO - 微博：赢了萌王，输了京介  ---萌王评语
2018-04-24 01:00:02,979 - INFO - 微博：笨蛋吉娃娃（バカチワワ）  ---逢坂大河
2018-04-24 03:00:01,718 - INFO - 微博：我也做个好孩子，成为这幸福光景的一部分，想成为闪耀在圣诞节的城市里，其中一张幸福的笑脸。  ---逢坂大河
2018-04-24 04:00:02,567 - INFO - 微博：此心光明，亦复何言  ---王阳明
2018-04-24 05:00:02,751 - INFO - 微博：被特别在乎的人忽略，会很难过，而更难过的是你还要装作你不在乎。  ---网络
2018-04-24 06:00:02,723 - INFO - 微博：你一直相信的事，也让我相信吧。活着，是件美好的事。  ---Angle Beats
2018-04-24 07:00:02,469 - INFO - 微博：最孤独的人最亲切，受过伤的人总是笑的最灿烂。  ---素媛
2018-04-24 08:00:02,550 - INFO - 微博：我要拼，装上假牙也要拼！  ---灌篮高手
2018-04-24 08:00:02,887 - INFO - 微博：忍者的才能不在于所掌握忍术的多少，而在于永不放弃的毅力.笔直向前绝不违背自己的誓言，还有不管何时都不放弃.  ---火影忍者
2018-04-24 09:00:02,190 - INFO - 微博：有一个捉迷藏社团，他们团长现在还没找到。  ---网络
2018-04-26 09:17:09,692 - INFO - 欢迎你 今朝有酒今朝醉---的微博, 登陆成功
2018-04-26 09:17:28,636 - INFO - 欢迎你 今朝有酒今朝醉---的微博, 登陆成功
2018-04-26 09:20:36,380 - INFO - 欢迎你 今朝有酒今朝醉---的微博, 登陆成功
2018-05-11 09:44:50,402 - INFO - 欢迎你 今朝有酒今朝醉---的微博, 登陆成功
2018-05-11 09:50:49,803 - INFO - 欢迎你 今朝有酒今朝醉---的微博, 登陆成功
